2020/10/22 15:39:03 Simple-HTTP v0.5.0 started to serve '.' folder on port: 8082
2020/10/22 15:39:06 Elapsed time 61.882µs 	     GET 	 /Emacs/Org-Mode/Visibility.html
2020/10/22 15:39:07 Elapsed time 22.685µs 	     GET 	 /Emacs/Org-Mode/Visibility.html
2020/10/22 15:39:07 Elapsed time 88.572µs 	     GET 	 /favicon.ico
2020/10/22 15:39:09 Elapsed time 433.079µs 	     GET 	 /
2020/10/22 15:39:15 Simple-HTTP v0.5.0 started to serve '.' folder on port: 8082
2020/10/22 15:39:30 Simple-HTTP v0.5.0 started to serve 'public/' folder on port: 8082
2020/10/22 15:39:32 Elapsed time 8.796897ms 	     GET 	 /
2020/10/22 15:39:32 Elapsed time 141.467µs 	     GET 	 /style.css
2020/10/22 15:39:34 Elapsed time 260.992µs 	     GET 	 /Emacs/Org-Mode/Visibility.html
2020/10/22 15:39:34 Elapsed time 27.045µs 	     GET 	 /style.css
2020/10/22 15:40:50 Elapsed time 33.67µs 	     GET 	 /Emacs/Org-Mode/Visibility.html
2020/10/22 15:40:51 Elapsed time 30.011µs 	     GET 	 /Emacs/Org-Mode/Visibility.html
2020/10/22 15:40:54 Elapsed time 264.631µs 	     GET 	 /
2020/10/22 15:40:54 Elapsed time 54.056µs 	     GET 	 /style.css
2020/10/22 15:40:57 Elapsed time 117.967µs 	     GET 	 /
2020/10/22 15:40:57 Elapsed time 43.614µs 	     GET 	 /style.css
2020/10/22 15:40:59 Elapsed time 38.785µs 	     GET 	 /Emacs/Org-Mode/Visibility.html
2020/10/22 15:41:00 Elapsed time 31.557µs 	     GET 	 /Emacs/Org-Mode/Visibility.html
2020/10/22 15:41:00 Elapsed time 27.456µs 	     GET 	 /Emacs/Org-Mode/Visibility.html
2020/10/22 15:41:02 Elapsed time 0066µs 	     GET 	 /Emacs
2020/10/22 15:41:02 Elapsed time 334.922µs 	     GET 	 /Emacs/
2020/10/22 15:41:04 Elapsed time 258.045µs 	     GET 	 /Emacs/Org-Mode/
2020/10/22 15:41:05 Elapsed time 50.277094ms 	     GET 	 /Emacs/Org-Mode/Visibility.org
2020/10/22 15:41:08 Elapsed time 88.428µs 	     GET 	 /Emacs/Org-Mode/
2020/10/22 15:41:09 Elapsed time 240.028µs 	     GET 	 /Emacs/Org-Mode/
2020/10/22 15:41:09 Elapsed time 93.672µs 	     GET 	 /Emacs/Org-Mode/
2020/10/22 15:41:10 Elapsed time 89.656µs 	     GET 	 /Emacs/Org-Mode/
2020/10/22 15:41:10 Elapsed time 104.508µs 	     GET 	 /Emacs/Org-Mode/
2020/10/22 15:41:13 Elapsed time 97.24µs 	     GET 	 /Emacs/Org-Mode/
2020/10/22 15:41:14 Elapsed time 90.623µs 	     GET 	 /Emacs/Org-Mode/
2020/10/22 15:41:14 Elapsed time 85.633µs 	     GET 	 /Emacs/Org-Mode/
2020/10/22 15:41:14 Elapsed time 86.709µs 	     GET 	 /Emacs/Org-Mode/
2020/10/22 15:41:19 Elapsed time 40.875µs 	     GET 	 /Emacs/Org-Mode/Visibility.html
2020/10/22 15:41:20 Elapsed time 102.024µs 	     GET 	 /Emacs/Org-Mode/Visibility.html
2020/10/22 15:44:35 Elapsed time 439.684µs 	     GET 	 /Emacs/Org-Mode/Visibility.html
2020/10/22 15:44:35 Elapsed time 46.495µs 	     GET 	 /style.css
2020/10/22 15:44:36 Elapsed time 84.429µs 	     GET 	 /Emacs/Org-Mode/Visibility.html
2020/10/22 15:44:36 Elapsed time 26.661µs 	     GET 	 /style.css
2020/10/22 15:44:36 Elapsed time 114.552µs 	     GET 	 /Emacs/Org-Mode/Visibility.html
2020/10/22 15:44:36 Elapsed time 69.351µs 	     GET 	 /style.css
2020/10/22 15:48:11 Elapsed time 725.504µs 	     GET 	 /Emacs/Org-Mode/Visibility.html
2020/10/22 15:48:11 Elapsed time 51.824µs 	     GET 	 /style.css
2020/10/22 15:48:12 Elapsed time 50.564µs 	     GET 	 /favicon.ico
2020/10/22 15:50:13 Elapsed time 138.818314ms 	     GET 	 /
2020/10/22 15:50:13 Elapsed time 47.178µs 	     GET 	 /style.css
2020/10/22 15:50:13 Elapsed time 52.933µs 	     GET 	 /favicon.ico
2020/10/22 15:50:15 Elapsed time 5.069697ms 	     GET 	 /
2020/10/22 15:50:15 Elapsed time 26.841µs 	     GET 	 /style.css
2020/10/22 15:50:16 Elapsed time 35.822µs 	     GET 	 /favicon.ico
2020/10/22 15:50:16 Elapsed time 129.723723ms 	     GET 	 /
2020/10/22 15:50:16 Elapsed time 341.272µs 	     GET 	 /style.css
2020/10/22 15:50:17 Elapsed time 27.314µs 	     GET 	 /favicon.ico
2020/10/22 15:50:17 Elapsed time 1.407133ms 	     GET 	 /
2020/10/22 15:50:17 Elapsed time 49.3µs 	     GET 	 /style.css
2020/10/22 15:50:17 Elapsed time 60.163µs 	     GET 	 /favicon.ico
2020/10/22 15:50:17 Elapsed time 224.697µs 	     GET 	 /
2020/10/22 15:50:18 Elapsed time 216.246µs 	     GET 	 /
2020/10/22 15:50:18 Elapsed time 2.024182ms 	     GET 	 /
2020/10/22 15:50:18 Elapsed time 29.641µs 	     GET 	 /style.css
2020/10/22 15:50:18 Elapsed time 489.947µs 	     GET 	 /
2020/10/22 15:50:18 Elapsed time 260.067µs 	     GET 	 /
2020/10/22 15:50:18 Elapsed time 46.937738ms 	     GET 	 /
2020/10/22 15:50:19 Elapsed time 1.069077ms 	     GET 	 /
2020/10/22 15:50:19 Elapsed time 36.017µs 	     GET 	 /style.css
2020/10/22 15:50:19 Elapsed time 219.857µs 	     GET 	 /
2020/10/22 15:50:19 Elapsed time 28.945µs 	     GET 	 /style.css
2020/10/22 15:50:19 Elapsed time 57.291µs 	     GET 	 /favicon.ico
2020/10/22 15:55:06 Elapsed time 231.76µs 	     GET 	 /
2020/10/22 15:55:06 Elapsed time 56.895µs 	     GET 	 /style.css
2020/10/22 15:55:06 Elapsed time 119.962µs 	     GET 	 /favicon.ico
2020/10/22 15:55:06 Elapsed time 218.047µs 	     GET 	 /
2020/10/22 15:55:06 Elapsed time 43.091µs 	     GET 	 /style.css
2020/10/22 15:55:06 Elapsed time 1.319602ms 	     GET 	 /favicon.ico
2020/10/22 15:55:07 Elapsed time 153.046µs 	     GET 	 /
2020/10/22 15:55:07 Elapsed time 33.803µs 	     GET 	 /style.css
2020/10/22 15:55:07 Elapsed time 39.309µs 	     GET 	 /favicon.ico
2020/10/22 15:55:10 Elapsed time 6.098082ms 	     GET 	 /
2020/10/22 15:55:10 Elapsed time 40.254µs 	     GET 	 /style.css
2020/10/22 15:55:10 Elapsed time 175.57µs 	     GET 	 /favicon.ico
2020/10/22 15:55:11 Elapsed time 196.936µs 	     GET 	 /
2020/10/22 15:55:11 Elapsed time 23.961µs 	     GET 	 /style.css
2020/10/22 15:55:11 Elapsed time 35.246µs 	     GET 	 /favicon.ico
2020/10/22 15:55:16 Elapsed time 207.872µs 	     GET 	 /
2020/10/22 15:55:16 Elapsed time 34.182µs 	     GET 	 /style.css
2020/10/22 15:55:16 Elapsed time 52.624µs 	     GET 	 /favicon.ico
2020/10/22 15:56:01 Elapsed time 391.887µs 	     GET 	 /
2020/10/22 15:56:01 Elapsed time 33.671µs 	     GET 	 /style.css
2020/10/22 15:56:01 Elapsed time 32.223µs 	     GET 	 /favicon.ico
2020/10/22 15:56:08 Elapsed time 28.897µs 	     GET 	 /style.css
2020/10/22 15:56:08 Elapsed time 36.574µs 	     GET 	 /style.css
2020/10/22 15:56:10 Elapsed time 270.63µs 	     GET 	 /
2020/10/22 15:56:10 Elapsed time 33.21µs 	     GET 	 /style.css
2020/10/22 15:56:10 Elapsed time 45.994µs 	     GET 	 /favicon.ico
2020/10/22 15:56:10 Elapsed time 46.85µs 	     GET 	 /style.css
2020/10/22 15:56:10 Elapsed time 26.309µs 	     GET 	 /style.css
2020/10/22 15:56:16 Elapsed time 309.543µs 	     GET 	 /
2020/10/22 15:56:16 Elapsed time 28.209µs 	     GET 	 /style.css
2020/10/22 15:56:16 Elapsed time 26.742µs 	     GET 	 /favicon.ico
2020/10/22 15:56:16 Elapsed time 88.923µs 	     GET 	 /style.css
2020/10/22 15:56:16 Elapsed time 23.927µs 	     GET 	 /style.css
2020/10/22 15:58:22 Elapsed time 1.418065ms 	     GET 	 /
2020/10/22 15:58:22 Elapsed time 318.36µs 	     GET 	 /style.css
2020/10/22 15:58:22 Elapsed time 45.225µs 	     GET 	 /favicon.ico
2020/10/22 15:58:33 Elapsed time 1.386845ms 	     GET 	 /2020-06-08.html
2020/10/22 15:58:33 Elapsed time 494.403µs 	     GET 	 /style.css
2020/10/22 15:58:34 Elapsed time 25.787µs 	     GET 	 /favicon.ico
2020/10/22 15:58:51 Elapsed time 31.516µs 	     GET 	 /favicon.ico
2020/10/22 16:23:15 Elapsed time 1.351993ms 	     GET 	 /
2020/10/22 16:23:15 Elapsed time 46.277264ms 	     GET 	 /style.css
2020/10/22 16:23:16 Elapsed time 95.753µs 	     GET 	 /favicon.ico
2020/10/22 16:23:22 Elapsed time 16.902µs 	     GET 	 /index.html
2020/10/22 16:23:23 Elapsed time 150.879193ms 	     GET 	 /
2020/10/22 16:23:23 Elapsed time 1.150525ms 	     GET 	 /style.css
2020/10/22 16:23:23 Elapsed time 39.295µs 	     GET 	 /favicon.ico
2020/10/22 17:44:54 Elapsed time 11.590444ms 	     GET 	 /
2020/10/22 17:44:54 Elapsed time 616.194µs 	     GET 	 /style.css
2020/10/22 17:44:54 Elapsed time 61.216µs 	     GET 	 /favicon.ico
2020/10/22 17:49:56 Elapsed time 2.898514ms 	     GET 	 /
2020/10/22 17:49:56 Elapsed time 6.834657ms 	     GET 	 /style.css
2020/10/22 17:49:57 Elapsed time 149.141µs 	     GET 	 /favicon.ico
2020/10/22 17:52:47 Elapsed time 338.443µs 	     GET 	 /
2020/10/22 17:52:47 Elapsed time 796.932µs 	     GET 	 /style.css
2020/10/22 17:52:47 Elapsed time 63.415µs 	     GET 	 /favicon.ico
2020/10/22 17:52:59 Elapsed time 1.987686ms 	     GET 	 /
2020/10/22 17:52:59 Elapsed time 2.209077ms 	     GET 	 /style.css
2020/10/22 17:53:00 Elapsed time 33.967µs 	     GET 	 /favicon.ico
2020/10/22 17:53:30 Elapsed time 769.994µs 	     GET 	 /
2020/10/22 17:53:31 Elapsed time 239.997µs 	     GET 	 /style.css
2020/10/22 17:53:31 Elapsed time 23.13µs 	     GET 	 /favicon.ico
2020/10/22 17:53:32 Elapsed time 20.476894ms 	     GET 	 /
2020/10/22 17:53:32 Elapsed time 50.011062ms 	     GET 	 /style.css
2020/10/22 17:53:32 Elapsed time 28.495µs 	     GET 	 /favicon.ico
2020/10/22 17:53:32 Elapsed time 395.971µs 	     GET 	 /
2020/10/22 17:53:32 Elapsed time 26.518055ms 	     GET 	 /style.css
2020/10/22 17:53:32 Elapsed time 22.644µs 	     GET 	 /favicon.ico
2020/10/22 17:54:12 Elapsed time 298.356µs 	     GET 	 /
2020/10/22 17:54:12 Elapsed time 192.357µs 	     GET 	 /style.css
2020/10/22 17:54:12 Elapsed time 45.556µs 	     GET 	 /favicon.ico
2020/10/22 17:55:20 Elapsed time 355.699µs 	     GET 	 /
2020/10/22 17:55:20 Elapsed time 353.849µs 	     GET 	 /style.css
2020/10/22 17:55:20 Elapsed time 31.615µs 	     GET 	 /favicon.ico
2020/10/22 18:50:37 Elapsed time 7.444557ms 	     GET 	 /
2020/10/22 18:50:37 Elapsed time 661.247µs 	     GET 	 /style.css
2020/10/22 18:50:37 Elapsed time 43.255µs 	     GET 	 /favicon.ico
2020/10/22 18:51:31 Elapsed time 5.716787ms 	     GET 	 /
2020/10/22 18:51:48 Elapsed time 160.416µs 	     GET 	 /
2020/10/22 18:52:16 Elapsed time 111.639µs 	     GET 	 /
2020/10/22 18:52:35 Elapsed time 137.605µs 	     GET 	 /
2020/10/22 18:53:04 Elapsed time 155.908µs 	     GET 	 /
2020/10/22 18:54:59 Elapsed time 137.96µs 	     GET 	 /
2020/10/22 18:55:08 Elapsed time 116.828µs 	     GET 	 /
2020/10/22 18:55:09 Elapsed time 121.048µs 	     GET 	 /
2020/10/22 18:55:27 Simple-HTTP v0.5.0 started to serve 'public/' folder on port: 8082
2020/10/22 18:55:36 Elapsed time 211.891µs 	     GET 	 /
2020/10/22 18:55:37 Elapsed time 144.508µs 	     GET 	 /
2020/10/22 19:12:26 Simple-HTTP v0.5.0 started to serve 'public/' folder on port: 8082
2020/10/22 19:14:18 Elapsed time 20.671788ms 	     GET 	 /
2020/10/22 19:14:18 Elapsed time 1.026481ms 	     GET 	 /style.css
2020/10/22 19:14:18 Elapsed time 59.281µs 	     GET 	 /favicon.ico
2020/10/22 19:15:33 Elapsed time 1.442504ms 	     GET 	 /
2020/10/22 19:15:33 Elapsed time 1.604581ms 	     GET 	 /style.css
2020/10/22 19:15:33 Elapsed time 28.351µs 	     GET 	 /favicon.ico
2020/10/22 19:21:45 Elapsed time 4.174847ms 	     GET 	 /
2020/10/22 19:21:45 Elapsed time 710.799µs 	     GET 	 /style.css
2020/10/22 19:21:45 Elapsed time 62.023µs 	     GET 	 /favicon.ico
2020/10/22 19:28:49 Elapsed time 401.846µs 	     GET 	 /
2020/10/22 19:28:49 Elapsed time 752.78µs 	     GET 	 /style.css
2020/10/22 19:28:49 Elapsed time 49.753µs 	     GET 	 /favicon.ico
2020/10/22 19:29:02 Elapsed time 916.366µs 	     GET 	 /
2020/10/22 19:29:03 Elapsed time 189.764µs 	     GET 	 /style.css
2020/10/22 19:29:03 Elapsed time 72.071µs 	     GET 	 /favicon.ico
2020/10/22 19:31:22 Elapsed time 2.718788ms 	     GET 	 /
2020/10/22 19:31:22 Elapsed time 2.502989ms 	     GET 	 /style.css
2020/10/22 19:31:22 Elapsed time 52.053µs 	     GET 	 /favicon.ico
2020/10/22 19:31:27 Elapsed time 226.664µs 	     GET 	 /Private/1Password.html
2020/10/22 19:31:27 Elapsed time 165.108µs 	     GET 	 /style.css
2020/10/22 19:31:27 Elapsed time 72.763µs 	     GET 	 /favicon.ico
2020/10/22 19:33:51 Elapsed time 51.267928ms 	     GET 	 /
2020/10/22 19:33:51 Elapsed time 1.811947ms 	     GET 	 /style.css
2020/10/22 19:33:51 Elapsed time 57.51µs 	     GET 	 /favicon.ico
2020/10/22 19:34:06 Elapsed time 2.921091ms 	     GET 	 /
2020/10/22 19:34:06 Elapsed time 794.806µs 	     GET 	 /style.css
2020/10/22 19:34:06 Elapsed time 44.636µs 	     GET 	 /favicon.ico
2020/10/22 21:06:13 Simple-HTTP v0.5.0 started to serve 'public' folder on port: 8082
2020/10/22 21:06:21 Elapsed time 7.941276ms 	     GET 	 /
2020/10/22 21:06:22 Elapsed time 154.879µs 	     GET 	 /style.css
2020/10/22 21:06:22 Elapsed time 51.98µs 	     GET 	 /favicon.ico
2020/10/22 21:09:43 Simple-HTTP v0.5.0 started to serve 'public' folder on port: 8082
2020/10/22 21:09:46 Elapsed time 6.09782ms 	     GET 	 /
2020/10/22 21:09:46 Elapsed time 212.548µs 	     GET 	 /style.css
2020/10/22 21:09:46 Elapsed time 66.542µs 	     GET 	 /favicon.ico
2020/10/22 21:09:47 Elapsed time 314.779µs 	     GET 	 /
2020/10/22 21:09:47 Elapsed time 192.219µs 	     GET 	 /style.css
2020/10/22 21:09:47 Elapsed time 34.75µs 	     GET 	 /favicon.ico
